<?xml version="1.0" encoding="UTF-8"?>
<testsuite xmlns:xsi="http://www.w3.org/2001/XMLSchema-instance" xsi:noNamespaceSchemaLocation="https://maven.apache.org/surefire/maven-surefire-plugin/xsd/surefire-test-report.xsd" name="br.com.cwi.reset.isaquexavierdossantos.service.AtorServiceTest" time="0.12" tests="19" errors="8" skipped="0" failures="8">
  <properties>
[...]
</properties>
  <testcase name="deveSalvarAtorEConsultarListaComUmNovoAtor" classname="br.com.cwi.reset.isaquexavierdossantos.service.AtorServiceTest" time="0.058"/>
  <testcase name="deveRetornarErroQuandoConsultaAtorNaoEncontrarAtorPorId" classname="br.com.cwi.reset.isaquexavierdossantos.service.AtorServiceTest" time="0.018">
    <error message="Já existe um ator cadastrado para o nome Will Smith." type="br.com.cwi.reset.isaquexavierdossantos.exception.CadastroDuplicadoException">br.com.cwi.reset.isaquexavierdossantos.exception.CadastroDuplicadoException: Já existe um ator cadastrado para o nome Will Smith.
	at br.com.cwi.reset.isaquexavierdossantos.service.AtorServiceTest.deveRetornarErroQuandoConsultaAtorNaoEncontrarAtorPorId(AtorServiceTest.java:343)
</error>
  </testcase>
  <testcase name="deveRetornarErroQuandoNenhumAtorCadastradoComFiltroInformado" classname="br.com.cwi.reset.isaquexavierdossantos.service.AtorServiceTest" time="0.006">
    <error message="Já existe um ator cadastrado para o nome Will Smith." type="br.com.cwi.reset.isaquexavierdossantos.exception.CadastroDuplicadoException">br.com.cwi.reset.isaquexavierdossantos.exception.CadastroDuplicadoException: Já existe um ator cadastrado para o nome Will Smith.
	at br.com.cwi.reset.isaquexavierdossantos.service.AtorServiceTest.deveRetornarErroQuandoNenhumAtorCadastradoComFiltroInformado(AtorServiceTest.java:201)
</error>
  </testcase>
  <testcase name="deveRetornarErroQuandoDataNascimentoNulo" classname="br.com.cwi.reset.isaquexavierdossantos.service.AtorServiceTest" time="0.006">
    <failure message="expected: &lt;Campo obrigatório não informado. Favor informar o campo dataNascimento.&gt; but was: &lt;Campo obrigatório não informado! Favor informar o campo dataNascimento.&gt;" type="org.opentest4j.AssertionFailedError"><![CDATA[org.opentest4j.AssertionFailedError: expected: <Campo obrigatório não informado. Favor informar o campo dataNascimento.> but was: <Campo obrigatório não informado! Favor informar o campo dataNascimento.>
	at br.com.cwi.reset.isaquexavierdossantos.service.AtorServiceTest.deveRetornarErroQuandoDataNascimentoNulo(AtorServiceTest.java:58)
]]></failure>
  </testcase>
  <testcase name="deveRetornarErroQuandoAtorNaoNascido" classname="br.com.cwi.reset.isaquexavierdossantos.service.AtorServiceTest" time="0"/>
  <testcase name="deveRetornarErroQuandoNomeNulo" classname="br.com.cwi.reset.isaquexavierdossantos.service.AtorServiceTest" time="0">
    <failure message="expected: &lt;Campo obrigatório não informado. Favor informar o campo nome.&gt; but was: &lt;Campo obrigatório não informado! Favor informar o campo nome.&gt;" type="org.opentest4j.AssertionFailedError"><![CDATA[org.opentest4j.AssertionFailedError: expected: <Campo obrigatório não informado. Favor informar o campo nome.> but was: <Campo obrigatório não informado! Favor informar o campo nome.>
	at br.com.cwi.reset.isaquexavierdossantos.service.AtorServiceTest.deveRetornarErroQuandoNomeNulo(AtorServiceTest.java:41)
]]></failure>
  </testcase>
  <testcase name="deveRetornarApenasFiltradosPorNome" classname="br.com.cwi.reset.isaquexavierdossantos.service.AtorServiceTest" time="0.009">
    <error message="Já existe um ator cadastrado para o nome Will Smith." type="br.com.cwi.reset.isaquexavierdossantos.exception.CadastroDuplicadoException">br.com.cwi.reset.isaquexavierdossantos.exception.CadastroDuplicadoException: Já existe um ator cadastrado para o nome Will Smith.
	at br.com.cwi.reset.isaquexavierdossantos.service.AtorServiceTest.deveRetornarApenasFiltradosPorNome(AtorServiceTest.java:247)
</error>
  </testcase>
  <testcase name="deveRetornarErroQuandoNenhumAtorCadastradoNaConsultaDeTodosAtores" classname="br.com.cwi.reset.isaquexavierdossantos.service.AtorServiceTest" time="0.002">
    <failure message="Esperado exceção de nenhum ator cadastrado. ==&gt; Expected java.lang.Exception to be thrown, but nothing was thrown." type="org.opentest4j.AssertionFailedError">org.opentest4j.AssertionFailedError: Esperado exceção de nenhum ator cadastrado. ==> Expected java.lang.Exception to be thrown, but nothing was thrown.
	at br.com.cwi.reset.isaquexavierdossantos.service.AtorServiceTest.deveRetornarErroQuandoNenhumAtorCadastradoNaConsultaDeTodosAtores(AtorServiceTest.java:286)
</failure>
  </testcase>
  <testcase name="deveRetornarAtoresEmAtividadeQuandoNaoInformadoFiltro" classname="br.com.cwi.reset.isaquexavierdossantos.service.AtorServiceTest" time="0.001">
    <error message="Já existe um ator cadastrado para o nome Will Smith." type="br.com.cwi.reset.isaquexavierdossantos.exception.CadastroDuplicadoException">br.com.cwi.reset.isaquexavierdossantos.exception.CadastroDuplicadoException: Já existe um ator cadastrado para o nome Will Smith.
	at br.com.cwi.reset.isaquexavierdossantos.service.AtorServiceTest.deveRetornarAtoresEmAtividadeQuandoNaoInformadoFiltro(AtorServiceTest.java:275)
</error>
  </testcase>
  <testcase name="deveRetornarErroQuandoAtorComInicioAtividadeAnteriorNascimento" classname="br.com.cwi.reset.isaquexavierdossantos.service.AtorServiceTest" time="0">
    <failure message="expected: &lt;Ano de início de atividade inválido para o ator cadastrado.&gt; but was: &lt;Ano de início de atividade inválido para o ator cadastradoo.&gt;" type="org.opentest4j.AssertionFailedError"><![CDATA[org.opentest4j.AssertionFailedError: expected: <Ano de início de atividade inválido para o ator cadastrado.> but was: <Ano de início de atividade inválido para o ator cadastradoo.>
	at br.com.cwi.reset.isaquexavierdossantos.service.AtorServiceTest.deveRetornarErroQuandoAtorComInicioAtividadeAnteriorNascimento(AtorServiceTest.java:143)
]]></failure>
  </testcase>
  <testcase name="deveRetornarErroQuandoConsultaAtorNaoInformarId" classname="br.com.cwi.reset.isaquexavierdossantos.service.AtorServiceTest" time="0">
    <failure message="expected: &lt;Campo obrigatório não informado. Favor informar o campo id.&gt; but was: &lt;Campo obrigatório não informado! Favor informar o campo id.&gt;" type="org.opentest4j.AssertionFailedError"><![CDATA[org.opentest4j.AssertionFailedError: expected: <Campo obrigatório não informado. Favor informar o campo id.> but was: <Campo obrigatório não informado! Favor informar o campo id.>
	at br.com.cwi.reset.isaquexavierdossantos.service.AtorServiceTest.deveRetornarErroQuandoConsultaAtorNaoInformarId(AtorServiceTest.java:332)
]]></failure>
  </testcase>
  <testcase name="deveRetornarErroQuandoStatusCarreiraNulo" classname="br.com.cwi.reset.isaquexavierdossantos.service.AtorServiceTest" time="0">
    <failure message="expected: &lt;Campo obrigatório não informado. Favor informar o campo statusCarreira.&gt; but was: &lt;Campo obrigatório não informado! Favor informar o campo statusCarreira.&gt;" type="org.opentest4j.AssertionFailedError"><![CDATA[org.opentest4j.AssertionFailedError: expected: <Campo obrigatório não informado. Favor informar o campo statusCarreira.> but was: <Campo obrigatório não informado! Favor informar o campo statusCarreira.>
	at br.com.cwi.reset.isaquexavierdossantos.service.AtorServiceTest.deveRetornarErroQuandoStatusCarreiraNulo(AtorServiceTest.java:75)
]]></failure>
  </testcase>
  <testcase name="deveRetornarTodosOsAtores" classname="br.com.cwi.reset.isaquexavierdossantos.service.AtorServiceTest" time="0">
    <error message="Já existe um ator cadastrado para o nome Will Smith." type="br.com.cwi.reset.isaquexavierdossantos.exception.CadastroDuplicadoException">br.com.cwi.reset.isaquexavierdossantos.exception.CadastroDuplicadoException: Já existe um ator cadastrado para o nome Will Smith.
	at br.com.cwi.reset.isaquexavierdossantos.service.AtorServiceTest.deveRetornarTodosOsAtores(AtorServiceTest.java:315)
</error>
  </testcase>
  <testcase name="deveRetornarErroQuandoAnoInicioAtividadeNulo" classname="br.com.cwi.reset.isaquexavierdossantos.service.AtorServiceTest" time="0">
    <failure message="expected: &lt;Campo obrigatório não informado. Favor informar o campo anoInicioAtividade.&gt; but was: &lt;Campo obrigatório não informado! Favor informar o campo anoInicioAtividade.&gt;" type="org.opentest4j.AssertionFailedError"><![CDATA[org.opentest4j.AssertionFailedError: expected: <Campo obrigatório não informado. Favor informar o campo anoInicioAtividade.> but was: <Campo obrigatório não informado! Favor informar o campo anoInicioAtividade.>
	at br.com.cwi.reset.isaquexavierdossantos.service.AtorServiceTest.deveRetornarErroQuandoAnoInicioAtividadeNulo(AtorServiceTest.java:92)
]]></failure>
  </testcase>
  <testcase name="deveRetornarAtorPorId" classname="br.com.cwi.reset.isaquexavierdossantos.service.AtorServiceTest" time="0">
    <error message="Já existe um ator cadastrado para o nome Will Smith." type="br.com.cwi.reset.isaquexavierdossantos.exception.CadastroDuplicadoException">br.com.cwi.reset.isaquexavierdossantos.exception.CadastroDuplicadoException: Já existe um ator cadastrado para o nome Will Smith.
	at br.com.cwi.reset.isaquexavierdossantos.service.AtorServiceTest.deveRetornarAtorPorId(AtorServiceTest.java:361)
</error>
  </testcase>
  <testcase name="deveRetornarApenasAtoresEmAtividade" classname="br.com.cwi.reset.isaquexavierdossantos.service.AtorServiceTest" time="0">
    <error message="Já existe um ator cadastrado para o nome Will Smith." type="br.com.cwi.reset.isaquexavierdossantos.exception.CadastroDuplicadoException">br.com.cwi.reset.isaquexavierdossantos.exception.CadastroDuplicadoException: Já existe um ator cadastrado para o nome Will Smith.
	at br.com.cwi.reset.isaquexavierdossantos.service.AtorServiceTest.deveRetornarApenasAtoresEmAtividade(AtorServiceTest.java:225)
</error>
  </testcase>
  <testcase name="deveRetornarErroQuandoAtorJaExistenteComMesmoNome" classname="br.com.cwi.reset.isaquexavierdossantos.service.AtorServiceTest" time="0">
    <error message="Já existe um ator cadastrado para o nome Will Smith." type="br.com.cwi.reset.isaquexavierdossantos.exception.CadastroDuplicadoException">br.com.cwi.reset.isaquexavierdossantos.exception.CadastroDuplicadoException: Já existe um ator cadastrado para o nome Will Smith.
	at br.com.cwi.reset.isaquexavierdossantos.service.AtorServiceTest.deveRetornarErroQuandoAtorJaExistenteComMesmoNome(AtorServiceTest.java:156)
</error>
  </testcase>
  <testcase name="deveRetornarErroQuandoNenhumAtorCadastradoNaConsulta" classname="br.com.cwi.reset.isaquexavierdossantos.service.AtorServiceTest" time="0">
    <failure message="Esperado exceção de nenhum ator cadastrado. ==&gt; Expected java.lang.Exception to be thrown, but nothing was thrown." type="org.opentest4j.AssertionFailedError">org.opentest4j.AssertionFailedError: Esperado exceção de nenhum ator cadastrado. ==> Expected java.lang.Exception to be thrown, but nothing was thrown.
	at br.com.cwi.reset.isaquexavierdossantos.service.AtorServiceTest.deveRetornarErroQuandoNenhumAtorCadastradoNaConsulta(AtorServiceTest.java:184)
</failure>
  </testcase>
  <testcase name="deveRetornarErroQuandoAtorPossuirSomenteNome" classname="br.com.cwi.reset.isaquexavierdossantos.service.AtorServiceTest" time="0"/>
</testsuite>